  317032392_PROYECTOFINAL2023-2_GPO06.cpp
D:\Documentos\Universidad\Semestre 2023-2\Lab Computacion Grafica\PROYECTO\317032392_PROYECTOFINAL2023-2_GPO06\ProyectoFinal\modelAnim.h(104,44): warning C4244: '=': conversión de 'double' a 'float'; posible pérdida de datos
D:\Documentos\Universidad\Semestre 2023-2\Lab Computacion Grafica\PROYECTO\317032392_PROYECTOFINAL2023-2_GPO06\ProyectoFinal\modelAnim.h(519,24): warning C4244: 'inicializando': conversión de 'double' a 'float'; posible pérdida de datos
D:\Documentos\Universidad\Semestre 2023-2\Lab Computacion Grafica\PROYECTO\317032392_PROYECTOFINAL2023-2_GPO06\ProyectoFinal\317032392_PROYECTOFINAL2023-2_GPO06.cpp(383,24): warning C4244: 'inicializando': conversión de 'double' a 'GLfloat'; posible pérdida de datos
D:\Documentos\Universidad\Semestre 2023-2\Lab Computacion Grafica\PROYECTO\317032392_PROYECTOFINAL2023-2_GPO06\ProyectoFinal\317032392_PROYECTOFINAL2023-2_GPO06.cpp(673,26): warning C4244: '=': conversión de 'double' a 'float'; posible pérdida de datos
D:\Documentos\Universidad\Semestre 2023-2\Lab Computacion Grafica\PROYECTO\317032392_PROYECTOFINAL2023-2_GPO06\ProyectoFinal\317032392_PROYECTOFINAL2023-2_GPO06.cpp(815,11): warning C4244: '=': conversión de 'double' a 'GLfloat'; posible pérdida de datos
D:\Documentos\Universidad\Semestre 2023-2\Lab Computacion Grafica\PROYECTO\317032392_PROYECTOFINAL2023-2_GPO06\ProyectoFinal\317032392_PROYECTOFINAL2023-2_GPO06.cpp(816,11): warning C4244: '=': conversión de 'double' a 'GLfloat'; posible pérdida de datos
D:\Documentos\Universidad\Semestre 2023-2\Lab Computacion Grafica\PROYECTO\317032392_PROYECTOFINAL2023-2_GPO06\ProyectoFinal\317032392_PROYECTOFINAL2023-2_GPO06.cpp(820,18): warning C4244: 'inicializando': conversión de 'double' a 'GLfloat'; posible pérdida de datos
D:\Documentos\Universidad\Semestre 2023-2\Lab Computacion Grafica\PROYECTO\317032392_PROYECTOFINAL2023-2_GPO06\ProyectoFinal\317032392_PROYECTOFINAL2023-2_GPO06.cpp(821,18): warning C4244: 'inicializando': conversión de 'double' a 'GLfloat'; posible pérdida de datos
D:\Documentos\Universidad\Semestre 2023-2\Lab Computacion Grafica\PROYECTO\317032392_PROYECTOFINAL2023-2_GPO06\ProyectoFinal\317032392_PROYECTOFINAL2023-2_GPO06.cpp(823,10): warning C4244: '=': conversión de 'double' a 'GLfloat'; posible pérdida de datos
D:\Documentos\Universidad\Semestre 2023-2\Lab Computacion Grafica\PROYECTO\317032392_PROYECTOFINAL2023-2_GPO06\ProyectoFinal\317032392_PROYECTOFINAL2023-2_GPO06.cpp(824,10): warning C4244: '=': conversión de 'double' a 'GLfloat'; posible pérdida de datos
soil2-debug.lib(SOIL2.obj) : warning LNK4075: se omite '/EDITANDCONTINUE' debido a la especificación '/OPT:ICF'
LINK : warning LNK4098: la biblioteca predeterminada'MSVCRTD' entra en conflicto con otras bibliotecas; use la biblioteca /NODEFAULTLIB:biblioteca
  Generando código
  3 of 693 functions ( 0.4%) were compiled, the rest were copied from previous compilation.
    0 functions were new in current compilation
    0 functions had inline decision re-evaluated but remain unchanged
  Generación de código finalizada
soil2-debug.lib(etc1_utils.obj) : warning LNK4099: no se encontró PDB '' con 'soil2-debug.lib(etc1_utils.obj)' o en ''; se vinculará el objeto sin tener en cuenta información de depuración
soil2-debug.lib(image_DXT.obj) : warning LNK4099: no se encontró PDB '' con 'soil2-debug.lib(image_DXT.obj)' o en ''; se vinculará el objeto sin tener en cuenta información de depuración
soil2-debug.lib(image_helper.obj) : warning LNK4099: no se encontró PDB '' con 'soil2-debug.lib(image_helper.obj)' o en ''; se vinculará el objeto sin tener en cuenta información de depuración
soil2-debug.lib(SOIL2.obj) : warning LNK4099: no se encontró PDB '' con 'soil2-debug.lib(SOIL2.obj)' o en ''; se vinculará el objeto sin tener en cuenta información de depuración
  ProyectoFinal.vcxproj -> D:\Documentos\Universidad\Semestre 2023-2\Lab Computacion Grafica\PROYECTO\317032392_PROYECTOFINAL2023-2_GPO06\Release\ProyectoFinal.exe
